{"name":"hexo","hostname":"DESKTOP-69DAV2I","pid":4712,"level":20,"msg":"Writing database to C:\\Users\\Tyrone\\work\\github\\Tyronelitw.github.io/db.json","time":"2018-11-16T13:40:22.059Z","v":0}
{"name":"hexo","hostname":"DESKTOP-69DAV2I","pid":4712,"level":20,"msg":"Hexo version: 3.8.0","time":"2018-11-16T13:40:22.080Z","v":0}
{"name":"hexo","hostname":"DESKTOP-69DAV2I","pid":4712,"level":20,"msg":"Working directory: ~\\work\\github\\Tyronelitw.github.io\\","time":"2018-11-16T13:40:22.080Z","v":0}
{"name":"hexo","hostname":"DESKTOP-69DAV2I","pid":4712,"level":20,"msg":"Config loaded: ~\\work\\github\\Tyronelitw.github.io\\_config.yml","time":"2018-11-16T13:40:22.330Z","v":0}
{"name":"hexo","hostname":"DESKTOP-69DAV2I","pid":4712,"level":20,"msg":"Plugin loaded: hexo-generator-category","time":"2018-11-16T13:40:22.363Z","v":0}
{"name":"hexo","hostname":"DESKTOP-69DAV2I","pid":4712,"level":20,"msg":"Plugin loaded: hexo-generator-archive","time":"2018-11-16T13:40:22.368Z","v":0}
{"name":"hexo","hostname":"DESKTOP-69DAV2I","pid":4712,"level":20,"msg":"Plugin loaded: hexo-generator-index","time":"2018-11-16T13:40:22.372Z","v":0}
{"name":"hexo","hostname":"DESKTOP-69DAV2I","pid":4712,"level":20,"msg":"Plugin loaded: hexo-generator-tag","time":"2018-11-16T13:40:22.376Z","v":0}
{"name":"hexo","hostname":"DESKTOP-69DAV2I","pid":4712,"level":20,"msg":"Plugin loaded: hexo-renderer-stylus","time":"2018-11-16T13:40:22.377Z","v":0}
{"name":"hexo","hostname":"DESKTOP-69DAV2I","pid":4712,"level":20,"msg":"Plugin loaded: hexo-renderer-ejs","time":"2018-11-16T13:40:22.383Z","v":0}
{"name":"hexo","hostname":"DESKTOP-69DAV2I","pid":4712,"level":20,"msg":"Plugin loaded: hexo-renderer-marked","time":"2018-11-16T13:40:22.392Z","v":0}
{"name":"hexo","hostname":"DESKTOP-69DAV2I","pid":4712,"level":20,"msg":"Plugin loaded: hexo-server","time":"2018-11-16T13:40:22.518Z","v":0}
{"name":"hexo","hostname":"DESKTOP-69DAV2I","pid":4712,"level":20,"msg":"Script loaded: themes\\landscape\\scripts\\fancybox.js","time":"2018-11-16T13:40:22.521Z","v":0}
{"name":"hexo","hostname":"DESKTOP-69DAV2I","pid":4712,"level":20,"msg":"Database saved","time":"2018-11-16T13:40:22.524Z","v":0}
{"name":"hexo","hostname":"DESKTOP-69DAV2I","pid":16092,"level":20,"msg":"Writing database to C:\\Users\\Tyrone\\work\\github\\Tyronelitw.github.io/db.json","time":"2018-11-16T13:41:18.615Z","v":0}
{"name":"hexo","hostname":"DESKTOP-69DAV2I","pid":16092,"level":20,"msg":"Hexo version: 3.8.0","time":"2018-11-16T13:41:18.637Z","v":0}
{"name":"hexo","hostname":"DESKTOP-69DAV2I","pid":16092,"level":20,"msg":"Working directory: ~\\work\\github\\Tyronelitw.github.io\\","time":"2018-11-16T13:41:18.637Z","v":0}
{"name":"hexo","hostname":"DESKTOP-69DAV2I","pid":16092,"level":20,"msg":"Config loaded: ~\\work\\github\\Tyronelitw.github.io\\_config.yml","time":"2018-11-16T13:41:18.884Z","v":0}
{"name":"hexo","hostname":"DESKTOP-69DAV2I","pid":16092,"level":20,"msg":"Plugin loaded: hexo-generator-category","time":"2018-11-16T13:41:18.918Z","v":0}
{"name":"hexo","hostname":"DESKTOP-69DAV2I","pid":16092,"level":20,"msg":"Plugin loaded: hexo-generator-archive","time":"2018-11-16T13:41:18.923Z","v":0}
{"name":"hexo","hostname":"DESKTOP-69DAV2I","pid":16092,"level":20,"msg":"Plugin loaded: hexo-renderer-ejs","time":"2018-11-16T13:41:18.930Z","v":0}
{"name":"hexo","hostname":"DESKTOP-69DAV2I","pid":16092,"level":20,"msg":"Plugin loaded: hexo-generator-tag","time":"2018-11-16T13:41:18.933Z","v":0}
{"name":"hexo","hostname":"DESKTOP-69DAV2I","pid":16092,"level":20,"msg":"Plugin loaded: hexo-generator-index","time":"2018-11-16T13:41:18.937Z","v":0}
{"name":"hexo","hostname":"DESKTOP-69DAV2I","pid":16092,"level":20,"msg":"Plugin loaded: hexo-renderer-stylus","time":"2018-11-16T13:41:18.938Z","v":0}
{"name":"hexo","hostname":"DESKTOP-69DAV2I","pid":16092,"level":20,"msg":"Plugin loaded: hexo-renderer-marked","time":"2018-11-16T13:41:18.947Z","v":0}
{"name":"hexo","hostname":"DESKTOP-69DAV2I","pid":16092,"level":20,"msg":"Plugin loaded: hexo-server","time":"2018-11-16T13:41:19.077Z","v":0}
{"name":"hexo","hostname":"DESKTOP-69DAV2I","pid":16092,"level":20,"msg":"Script loaded: themes\\landscape\\scripts\\fancybox.js","time":"2018-11-16T13:41:19.079Z","v":0}
{"name":"hexo","hostname":"DESKTOP-69DAV2I","pid":16092,"level":20,"msg":"Loading database.","time":"2018-11-16T13:41:19.080Z","v":0}
{"name":"hexo","hostname":"DESKTOP-69DAV2I","pid":16092,"level":30,"msg":"Start processing","time":"2018-11-16T13:41:19.085Z","v":0}
{"name":"hexo","hostname":"DESKTOP-69DAV2I","pid":16092,"level":20,"msg":"Theme config loaded.","time":"2018-11-16T13:41:19.120Z","v":0}
{"name":"hexo","hostname":"DESKTOP-69DAV2I","pid":16092,"level":20,"msg":"Processed: _config.yml","time":"2018-11-16T13:41:19.121Z","v":0}
{"name":"hexo","hostname":"DESKTOP-69DAV2I","pid":16092,"level":20,"msg":"Processed: source/css/style.styl","time":"2018-11-16T13:41:19.126Z","v":0}
{"name":"hexo","hostname":"DESKTOP-69DAV2I","pid":16092,"level":20,"msg":"Processed: source/fancybox/blank.gif","time":"2018-11-16T13:41:19.126Z","v":0}
{"name":"hexo","hostname":"DESKTOP-69DAV2I","pid":16092,"level":20,"msg":"Processed: source/fancybox/fancybox_loading.gif","time":"2018-11-16T13:41:19.126Z","v":0}
{"name":"hexo","hostname":"DESKTOP-69DAV2I","pid":16092,"level":20,"msg":"Processed: source/fancybox/fancybox_loading@2x.gif","time":"2018-11-16T13:41:19.126Z","v":0}
{"name":"hexo","hostname":"DESKTOP-69DAV2I","pid":16092,"level":20,"msg":"Processed: source/fancybox/fancybox_overlay.png","time":"2018-11-16T13:41:19.127Z","v":0}
{"name":"hexo","hostname":"DESKTOP-69DAV2I","pid":16092,"level":20,"msg":"Processed: source/fancybox/fancybox_sprite.png","time":"2018-11-16T13:41:19.127Z","v":0}
{"name":"hexo","hostname":"DESKTOP-69DAV2I","pid":16092,"level":20,"msg":"Processed: source/fancybox/fancybox_sprite@2x.png","time":"2018-11-16T13:41:19.127Z","v":0}
{"name":"hexo","hostname":"DESKTOP-69DAV2I","pid":16092,"level":20,"msg":"Processed: source/fancybox/jquery.fancybox.css","time":"2018-11-16T13:41:19.130Z","v":0}
{"name":"hexo","hostname":"DESKTOP-69DAV2I","pid":16092,"level":20,"msg":"Processed: source/fancybox/jquery.fancybox.pack.js","time":"2018-11-16T13:41:19.130Z","v":0}
{"name":"hexo","hostname":"DESKTOP-69DAV2I","pid":16092,"level":20,"msg":"Processed: source/fancybox/jquery.fancybox.js","time":"2018-11-16T13:41:19.130Z","v":0}
{"name":"hexo","hostname":"DESKTOP-69DAV2I","pid":16092,"level":20,"msg":"Processed: source/js/script.js","time":"2018-11-16T13:41:19.130Z","v":0}
{"name":"hexo","hostname":"DESKTOP-69DAV2I","pid":16092,"level":20,"msg":"Processed: languages/es.yml","time":"2018-11-16T13:41:19.133Z","v":0}
{"name":"hexo","hostname":"DESKTOP-69DAV2I","pid":16092,"level":20,"msg":"Processed: languages/de.yml","time":"2018-11-16T13:41:19.134Z","v":0}
{"name":"hexo","hostname":"DESKTOP-69DAV2I","pid":16092,"level":20,"msg":"Processed: source/css/fonts/FontAwesome.otf","time":"2018-11-16T13:41:19.136Z","v":0}
{"name":"hexo","hostname":"DESKTOP-69DAV2I","pid":16092,"level":20,"msg":"Processed: source/css/fonts/fontawesome-webfont.eot","time":"2018-11-16T13:41:19.136Z","v":0}
{"name":"hexo","hostname":"DESKTOP-69DAV2I","pid":16092,"level":20,"msg":"Processed: source/css/fonts/fontawesome-webfont.woff","time":"2018-11-16T13:41:19.136Z","v":0}
{"name":"hexo","hostname":"DESKTOP-69DAV2I","pid":16092,"level":20,"msg":"Processed: source/fancybox/helpers/jquery.fancybox-buttons.js","time":"2018-11-16T13:41:19.136Z","v":0}
{"name":"hexo","hostname":"DESKTOP-69DAV2I","pid":16092,"level":20,"msg":"Processed: layout/category.ejs","time":"2018-11-16T13:41:19.145Z","v":0}
{"name":"hexo","hostname":"DESKTOP-69DAV2I","pid":16092,"level":20,"msg":"Processed: layout/archive.ejs","time":"2018-11-16T13:41:19.146Z","v":0}
{"name":"hexo","hostname":"DESKTOP-69DAV2I","pid":16092,"level":20,"msg":"Processed: layout/index.ejs","time":"2018-11-16T13:41:19.146Z","v":0}
{"name":"hexo","hostname":"DESKTOP-69DAV2I","pid":16092,"level":20,"msg":"Processed: layout/post.ejs","time":"2018-11-16T13:41:19.146Z","v":0}
{"name":"hexo","hostname":"DESKTOP-69DAV2I","pid":16092,"level":20,"msg":"Processed: layout/layout.ejs","time":"2018-11-16T13:41:19.146Z","v":0}
{"name":"hexo","hostname":"DESKTOP-69DAV2I","pid":16092,"level":20,"msg":"Processed: layout/page.ejs","time":"2018-11-16T13:41:19.146Z","v":0}
{"name":"hexo","hostname":"DESKTOP-69DAV2I","pid":16092,"level":20,"msg":"Processed: layout/tag.ejs","time":"2018-11-16T13:41:19.146Z","v":0}
{"name":"hexo","hostname":"DESKTOP-69DAV2I","pid":16092,"level":20,"msg":"Processed: categories/index.md","time":"2018-11-16T13:41:19.154Z","v":0}
{"name":"hexo","hostname":"DESKTOP-69DAV2I","pid":16092,"level":20,"msg":"Processed: languages/fr.yml","time":"2018-11-16T13:41:19.154Z","v":0}
{"name":"hexo","hostname":"DESKTOP-69DAV2I","pid":16092,"level":20,"msg":"Processed: languages/default.yml","time":"2018-11-16T13:41:19.154Z","v":0}
{"name":"hexo","hostname":"DESKTOP-69DAV2I","pid":16092,"level":20,"msg":"Processed: languages/ja.yml","time":"2018-11-16T13:41:19.155Z","v":0}
{"name":"hexo","hostname":"DESKTOP-69DAV2I","pid":16092,"level":20,"msg":"Processed: languages/no.yml","time":"2018-11-16T13:41:19.155Z","v":0}
{"name":"hexo","hostname":"DESKTOP-69DAV2I","pid":16092,"level":20,"msg":"Processed: languages/nl.yml","time":"2018-11-16T13:41:19.155Z","v":0}
{"name":"hexo","hostname":"DESKTOP-69DAV2I","pid":16092,"level":20,"msg":"Processed: languages/ko.yml","time":"2018-11-16T13:41:19.155Z","v":0}
{"name":"hexo","hostname":"DESKTOP-69DAV2I","pid":16092,"level":20,"msg":"Processed: languages/pt.yml","time":"2018-11-16T13:41:19.155Z","v":0}
{"name":"hexo","hostname":"DESKTOP-69DAV2I","pid":16092,"level":20,"msg":"Processed: languages/zh-CN.yml","time":"2018-11-16T13:41:19.155Z","v":0}
{"name":"hexo","hostname":"DESKTOP-69DAV2I","pid":16092,"level":20,"msg":"Processed: languages/ru.yml","time":"2018-11-16T13:41:19.155Z","v":0}
{"name":"hexo","hostname":"DESKTOP-69DAV2I","pid":16092,"level":20,"msg":"Processed: languages/zh-TW.yml","time":"2018-11-16T13:41:19.155Z","v":0}
{"name":"hexo","hostname":"DESKTOP-69DAV2I","pid":16092,"level":20,"msg":"Processed: source/fancybox/helpers/fancybox_buttons.png","time":"2018-11-16T13:41:19.157Z","v":0}
{"name":"hexo","hostname":"DESKTOP-69DAV2I","pid":16092,"level":20,"msg":"Processed: source/fancybox/helpers/jquery.fancybox-buttons.css","time":"2018-11-16T13:41:19.157Z","v":0}
{"name":"hexo","hostname":"DESKTOP-69DAV2I","pid":16092,"level":20,"msg":"Processed: source/fancybox/helpers/jquery.fancybox-media.js","time":"2018-11-16T13:41:19.158Z","v":0}
{"name":"hexo","hostname":"DESKTOP-69DAV2I","pid":16092,"level":20,"msg":"Processed: source/fancybox/helpers/jquery.fancybox-thumbs.css","time":"2018-11-16T13:41:19.158Z","v":0}
{"name":"hexo","hostname":"DESKTOP-69DAV2I","pid":16092,"level":20,"msg":"Processed: source/fancybox/helpers/jquery.fancybox-thumbs.js","time":"2018-11-16T13:41:19.159Z","v":0}
{"name":"hexo","hostname":"DESKTOP-69DAV2I","pid":16092,"level":20,"msg":"Processed: _posts/test.md","time":"2018-11-16T13:41:19.159Z","v":0}
{"name":"hexo","hostname":"DESKTOP-69DAV2I","pid":16092,"level":20,"msg":"Processed: source/css/fonts/fontawesome-webfont.ttf","time":"2018-11-16T13:41:19.159Z","v":0}
{"name":"hexo","hostname":"DESKTOP-69DAV2I","pid":16092,"level":20,"msg":"Processed: layout/_partial/archive-post.ejs","time":"2018-11-16T13:41:19.183Z","v":0}
{"name":"hexo","hostname":"DESKTOP-69DAV2I","pid":16092,"level":20,"msg":"Processed: layout/_partial/archive.ejs","time":"2018-11-16T13:41:19.183Z","v":0}
{"name":"hexo","hostname":"DESKTOP-69DAV2I","pid":16092,"level":20,"msg":"Processed: layout/_partial/gauges-analytics.ejs","time":"2018-11-16T13:41:19.183Z","v":0}
{"name":"hexo","hostname":"DESKTOP-69DAV2I","pid":16092,"level":20,"msg":"Processed: layout/_partial/after-footer.ejs","time":"2018-11-16T13:41:19.183Z","v":0}
{"name":"hexo","hostname":"DESKTOP-69DAV2I","pid":16092,"level":20,"msg":"Processed: layout/_partial/article.ejs","time":"2018-11-16T13:41:19.183Z","v":0}
{"name":"hexo","hostname":"DESKTOP-69DAV2I","pid":16092,"level":20,"msg":"Processed: layout/_partial/google-analytics.ejs","time":"2018-11-16T13:41:19.184Z","v":0}
{"name":"hexo","hostname":"DESKTOP-69DAV2I","pid":16092,"level":20,"msg":"Processed: layout/_partial/head.ejs","time":"2018-11-16T13:41:19.184Z","v":0}
{"name":"hexo","hostname":"DESKTOP-69DAV2I","pid":16092,"level":20,"msg":"Processed: layout/_partial/footer.ejs","time":"2018-11-16T13:41:19.184Z","v":0}
{"name":"hexo","hostname":"DESKTOP-69DAV2I","pid":16092,"level":20,"msg":"Processed: layout/_partial/header.ejs","time":"2018-11-16T13:41:19.184Z","v":0}
{"name":"hexo","hostname":"DESKTOP-69DAV2I","pid":16092,"level":20,"msg":"Processed: layout/_partial/sidebar.ejs","time":"2018-11-16T13:41:19.184Z","v":0}
{"name":"hexo","hostname":"DESKTOP-69DAV2I","pid":16092,"level":20,"msg":"Processed: layout/_widget/archive.ejs","time":"2018-11-16T13:41:19.184Z","v":0}
{"name":"hexo","hostname":"DESKTOP-69DAV2I","pid":16092,"level":20,"msg":"Processed: layout/_partial/mobile-nav.ejs","time":"2018-11-16T13:41:19.184Z","v":0}
{"name":"hexo","hostname":"DESKTOP-69DAV2I","pid":16092,"level":20,"msg":"Processed: layout/_widget/category.ejs","time":"2018-11-16T13:41:19.184Z","v":0}
{"name":"hexo","hostname":"DESKTOP-69DAV2I","pid":16092,"level":20,"msg":"Processed: layout/_widget/recent_posts.ejs","time":"2018-11-16T13:41:19.184Z","v":0}
{"name":"hexo","hostname":"DESKTOP-69DAV2I","pid":16092,"level":20,"msg":"Processed: layout/_widget/tagcloud.ejs","time":"2018-11-16T13:41:19.184Z","v":0}
{"name":"hexo","hostname":"DESKTOP-69DAV2I","pid":16092,"level":20,"msg":"Processed: layout/_widget/tag.ejs","time":"2018-11-16T13:41:19.184Z","v":0}
{"name":"hexo","hostname":"DESKTOP-69DAV2I","pid":16092,"level":20,"msg":"Processed: tags/index.md","time":"2018-11-16T13:41:19.188Z","v":0}
{"name":"hexo","hostname":"DESKTOP-69DAV2I","pid":16092,"level":20,"msg":"Processed: _posts/bak/My-New-Post.md","time":"2018-11-16T13:41:19.192Z","v":0}
{"name":"hexo","hostname":"DESKTOP-69DAV2I","pid":16092,"level":20,"msg":"Processed: _posts/bak/hello-world.md","time":"2018-11-16T13:41:19.196Z","v":0}
{"name":"hexo","hostname":"DESKTOP-69DAV2I","pid":16092,"level":20,"msg":"Processed: _posts/bak/test-1.md","time":"2018-11-16T13:41:19.197Z","v":0}
{"name":"hexo","hostname":"DESKTOP-69DAV2I","pid":16092,"level":20,"msg":"Processed: _posts/bak/RPMbuild打包流程.md","time":"2018-11-16T13:41:19.198Z","v":0}
{"name":"hexo","hostname":"DESKTOP-69DAV2I","pid":16092,"level":20,"msg":"Processed: _posts/bak/ansible安装和基本使用.md","time":"2018-11-16T13:41:19.201Z","v":0}
{"name":"hexo","hostname":"DESKTOP-69DAV2I","pid":16092,"level":20,"msg":"Processed: _posts/bak/hexo给文章添加分类和标签.md","time":"2018-11-16T13:41:19.202Z","v":0}
{"name":"hexo","hostname":"DESKTOP-69DAV2I","pid":16092,"level":20,"msg":"Processed: _posts/bak/处世话方圆.md","time":"2018-11-16T13:41:19.203Z","v":0}
{"name":"hexo","hostname":"DESKTOP-69DAV2I","pid":16092,"level":20,"msg":"Processed: source/css/fonts/fontawesome-webfont.svg","time":"2018-11-16T13:41:19.204Z","v":0}
{"name":"hexo","hostname":"DESKTOP-69DAV2I","pid":16092,"level":20,"msg":"Processed: source/css/images/banner.jpg","time":"2018-11-16T13:41:19.204Z","v":0}
{"name":"hexo","hostname":"DESKTOP-69DAV2I","pid":16092,"level":20,"msg":"Processed: layout/_partial/post/date.ejs","time":"2018-11-16T13:41:19.206Z","v":0}
{"name":"hexo","hostname":"DESKTOP-69DAV2I","pid":16092,"level":20,"msg":"Processed: layout/_partial/post/category.ejs","time":"2018-11-16T13:41:19.206Z","v":0}
{"name":"hexo","hostname":"DESKTOP-69DAV2I","pid":16092,"level":20,"msg":"Processed: layout/_partial/post/gallery.ejs","time":"2018-11-16T13:41:19.206Z","v":0}
{"name":"hexo","hostname":"DESKTOP-69DAV2I","pid":16092,"level":20,"msg":"Processed: layout/_partial/post/tag.ejs","time":"2018-11-16T13:41:19.206Z","v":0}
{"name":"hexo","hostname":"DESKTOP-69DAV2I","pid":16092,"level":20,"msg":"Processed: layout/_partial/post/title.ejs","time":"2018-11-16T13:41:19.206Z","v":0}
{"name":"hexo","hostname":"DESKTOP-69DAV2I","pid":16092,"level":20,"msg":"Processed: layout/_partial/post/nav.ejs","time":"2018-11-16T13:41:19.206Z","v":0}
{"name":"hexo","hostname":"DESKTOP-69DAV2I","pid":16092,"level":60,"err":{"message":"(unknown path) [Line 18, Column 77]\n  unknown block tag: name","name":"Template render error","stack":"Template render error: (unknown path) [Line 18, Column 77]\n  unknown block tag: name\n    at Object._prettifyError (C:\\Users\\Tyrone\\work\\github\\Tyronelitw.github.io\\node_modules\\nunjucks\\src\\lib.js:36:11)\n    at Template.render (C:\\Users\\Tyrone\\work\\github\\Tyronelitw.github.io\\node_modules\\nunjucks\\src\\environment.js:526:21)\n    at Environment.renderString (C:\\Users\\Tyrone\\work\\github\\Tyronelitw.github.io\\node_modules\\nunjucks\\src\\environment.js:364:17)\n    at Promise.fromCallback.cb (C:\\Users\\Tyrone\\work\\github\\Tyronelitw.github.io\\node_modules\\hexo\\lib\\extend\\tag.js:62:48)\n    at tryCatcher (C:\\Users\\Tyrone\\work\\github\\Tyronelitw.github.io\\node_modules\\bluebird\\js\\release\\util.js:16:23)\n    at Function.Promise.fromNode.Promise.fromCallback (C:\\Users\\Tyrone\\work\\github\\Tyronelitw.github.io\\node_modules\\bluebird\\js\\release\\promise.js:180:30)\n    at Tag.render (C:\\Users\\Tyrone\\work\\github\\Tyronelitw.github.io\\node_modules\\hexo\\lib\\extend\\tag.js:62:18)\n    at Object.onRenderEnd (C:\\Users\\Tyrone\\work\\github\\Tyronelitw.github.io\\node_modules\\hexo\\lib\\hexo\\post.js:282:20)\n    at Promise.then.then.result (C:\\Users\\Tyrone\\work\\github\\Tyronelitw.github.io\\node_modules\\hexo\\lib\\hexo\\render.js:65:19)\n    at tryCatcher (C:\\Users\\Tyrone\\work\\github\\Tyronelitw.github.io\\node_modules\\bluebird\\js\\release\\util.js:16:23)\n    at Promise._settlePromiseFromHandler (C:\\Users\\Tyrone\\work\\github\\Tyronelitw.github.io\\node_modules\\bluebird\\js\\release\\promise.js:512:31)\n    at Promise._settlePromise (C:\\Users\\Tyrone\\work\\github\\Tyronelitw.github.io\\node_modules\\bluebird\\js\\release\\promise.js:569:18)\n    at Promise._settlePromise0 (C:\\Users\\Tyrone\\work\\github\\Tyronelitw.github.io\\node_modules\\bluebird\\js\\release\\promise.js:614:10)\n    at Promise._settlePromises (C:\\Users\\Tyrone\\work\\github\\Tyronelitw.github.io\\node_modules\\bluebird\\js\\release\\promise.js:694:18)\n    at _drainQueueStep (C:\\Users\\Tyrone\\work\\github\\Tyronelitw.github.io\\node_modules\\bluebird\\js\\release\\async.js:138:12)\n    at _drainQueue (C:\\Users\\Tyrone\\work\\github\\Tyronelitw.github.io\\node_modules\\bluebird\\js\\release\\async.js:131:9)\n    at Async._drainQueues (C:\\Users\\Tyrone\\work\\github\\Tyronelitw.github.io\\node_modules\\bluebird\\js\\release\\async.js:147:5)\n    at Immediate.Async.drainQueues [as _onImmediate] (C:\\Users\\Tyrone\\work\\github\\Tyronelitw.github.io\\node_modules\\bluebird\\js\\release\\async.js:17:14)\n    at runCallback (timers.js:810:20)\n    at tryOnImmediate (timers.js:768:5)\n    at processImmediate [as _immediateCallback] (timers.js:745:5)"},"msg":"Something's wrong. Maybe you can find the solution here: http://hexo.io/docs/troubleshooting.html","time":"2018-11-16T13:41:19.468Z","v":0}
{"name":"hexo","hostname":"DESKTOP-69DAV2I","pid":16092,"level":20,"msg":"Database saved","time":"2018-11-16T13:41:19.480Z","v":0}
{"name":"hexo","hostname":"DESKTOP-69DAV2I","pid":16120,"level":20,"msg":"Writing database to C:\\Users\\Tyrone\\work\\github\\Tyronelitw.github.io/db.json","time":"2018-11-16T13:44:22.928Z","v":0}
{"name":"hexo","hostname":"DESKTOP-69DAV2I","pid":16120,"level":20,"msg":"Hexo version: 3.8.0","time":"2018-11-16T13:44:22.950Z","v":0}
{"name":"hexo","hostname":"DESKTOP-69DAV2I","pid":16120,"level":20,"msg":"Working directory: ~\\work\\github\\Tyronelitw.github.io\\","time":"2018-11-16T13:44:22.950Z","v":0}
{"name":"hexo","hostname":"DESKTOP-69DAV2I","pid":16120,"level":20,"msg":"Config loaded: ~\\work\\github\\Tyronelitw.github.io\\_config.yml","time":"2018-11-16T13:44:23.197Z","v":0}
{"name":"hexo","hostname":"DESKTOP-69DAV2I","pid":16120,"level":20,"msg":"Plugin loaded: hexo-generator-archive","time":"2018-11-16T13:44:23.229Z","v":0}
{"name":"hexo","hostname":"DESKTOP-69DAV2I","pid":16120,"level":20,"msg":"Plugin loaded: hexo-generator-index","time":"2018-11-16T13:44:23.233Z","v":0}
{"name":"hexo","hostname":"DESKTOP-69DAV2I","pid":16120,"level":20,"msg":"Plugin loaded: hexo-generator-tag","time":"2018-11-16T13:44:23.237Z","v":0}
{"name":"hexo","hostname":"DESKTOP-69DAV2I","pid":16120,"level":20,"msg":"Plugin loaded: hexo-generator-category","time":"2018-11-16T13:44:23.241Z","v":0}
{"name":"hexo","hostname":"DESKTOP-69DAV2I","pid":16120,"level":20,"msg":"Plugin loaded: hexo-renderer-stylus","time":"2018-11-16T13:44:23.242Z","v":0}
{"name":"hexo","hostname":"DESKTOP-69DAV2I","pid":16120,"level":20,"msg":"Plugin loaded: hexo-renderer-ejs","time":"2018-11-16T13:44:23.249Z","v":0}
{"name":"hexo","hostname":"DESKTOP-69DAV2I","pid":16120,"level":20,"msg":"Plugin loaded: hexo-renderer-marked","time":"2018-11-16T13:44:23.258Z","v":0}
{"name":"hexo","hostname":"DESKTOP-69DAV2I","pid":16120,"level":20,"msg":"Plugin loaded: hexo-server","time":"2018-11-16T13:44:23.384Z","v":0}
{"name":"hexo","hostname":"DESKTOP-69DAV2I","pid":16120,"level":20,"msg":"Script loaded: themes\\landscape\\scripts\\fancybox.js","time":"2018-11-16T13:44:23.386Z","v":0}
{"name":"hexo","hostname":"DESKTOP-69DAV2I","pid":16120,"level":20,"msg":"Loading database.","time":"2018-11-16T13:44:23.387Z","v":0}
{"name":"hexo","hostname":"DESKTOP-69DAV2I","pid":16120,"level":30,"msg":"Start processing","time":"2018-11-16T13:44:23.413Z","v":0}
{"name":"hexo","hostname":"DESKTOP-69DAV2I","pid":16120,"level":20,"msg":"Processed: tags/index.md","time":"2018-11-16T13:44:23.438Z","v":0}
{"name":"hexo","hostname":"DESKTOP-69DAV2I","pid":16120,"level":20,"msg":"Processed: _posts/test.md","time":"2018-11-16T13:44:23.445Z","v":0}
{"name":"hexo","hostname":"DESKTOP-69DAV2I","pid":16120,"level":20,"msg":"Processed: categories/index.md","time":"2018-11-16T13:44:23.445Z","v":0}
{"name":"hexo","hostname":"DESKTOP-69DAV2I","pid":16120,"level":20,"msg":"Theme config loaded.","time":"2018-11-16T13:44:23.451Z","v":0}
{"name":"hexo","hostname":"DESKTOP-69DAV2I","pid":16120,"level":20,"msg":"Processed: _posts/bak/My-New-Post.md","time":"2018-11-16T13:44:23.451Z","v":0}
{"name":"hexo","hostname":"DESKTOP-69DAV2I","pid":16120,"level":20,"msg":"Processed: _posts/bak/ansible安装和基本使用.md","time":"2018-11-16T13:44:23.451Z","v":0}
{"name":"hexo","hostname":"DESKTOP-69DAV2I","pid":16120,"level":20,"msg":"Processed: _posts/bak/RPMbuild打包流程.md","time":"2018-11-16T13:44:23.451Z","v":0}
{"name":"hexo","hostname":"DESKTOP-69DAV2I","pid":16120,"level":20,"msg":"Processed: _posts/bak/hello-world.md","time":"2018-11-16T13:44:23.451Z","v":0}
{"name":"hexo","hostname":"DESKTOP-69DAV2I","pid":16120,"level":20,"msg":"Processed: _config.yml","time":"2018-11-16T13:44:23.451Z","v":0}
{"name":"hexo","hostname":"DESKTOP-69DAV2I","pid":16120,"level":20,"msg":"Processed: _posts/bak/hexo给文章添加分类和标签.md","time":"2018-11-16T13:44:23.461Z","v":0}
{"name":"hexo","hostname":"DESKTOP-69DAV2I","pid":16120,"level":20,"msg":"Processed: _posts/bak/处世话方圆.md","time":"2018-11-16T13:44:23.461Z","v":0}
{"name":"hexo","hostname":"DESKTOP-69DAV2I","pid":16120,"level":20,"msg":"Processed: _posts/bak/test-1.md","time":"2018-11-16T13:44:23.461Z","v":0}
{"name":"hexo","hostname":"DESKTOP-69DAV2I","pid":16120,"level":20,"msg":"Processed: source/css/style.styl","time":"2018-11-16T13:44:23.462Z","v":0}
{"name":"hexo","hostname":"DESKTOP-69DAV2I","pid":16120,"level":20,"msg":"Processed: source/fancybox/blank.gif","time":"2018-11-16T13:44:23.462Z","v":0}
{"name":"hexo","hostname":"DESKTOP-69DAV2I","pid":16120,"level":20,"msg":"Processed: source/fancybox/fancybox_loading.gif","time":"2018-11-16T13:44:23.462Z","v":0}
{"name":"hexo","hostname":"DESKTOP-69DAV2I","pid":16120,"level":20,"msg":"Processed: source/fancybox/fancybox_loading@2x.gif","time":"2018-11-16T13:44:23.462Z","v":0}
{"name":"hexo","hostname":"DESKTOP-69DAV2I","pid":16120,"level":20,"msg":"Processed: source/fancybox/fancybox_overlay.png","time":"2018-11-16T13:44:23.462Z","v":0}
{"name":"hexo","hostname":"DESKTOP-69DAV2I","pid":16120,"level":20,"msg":"Processed: source/fancybox/fancybox_sprite.png","time":"2018-11-16T13:44:23.463Z","v":0}
{"name":"hexo","hostname":"DESKTOP-69DAV2I","pid":16120,"level":20,"msg":"Processed: source/fancybox/fancybox_sprite@2x.png","time":"2018-11-16T13:44:23.463Z","v":0}
{"name":"hexo","hostname":"DESKTOP-69DAV2I","pid":16120,"level":20,"msg":"Processed: source/fancybox/jquery.fancybox.css","time":"2018-11-16T13:44:23.463Z","v":0}
{"name":"hexo","hostname":"DESKTOP-69DAV2I","pid":16120,"level":20,"msg":"Processed: source/fancybox/jquery.fancybox.js","time":"2018-11-16T13:44:23.463Z","v":0}
{"name":"hexo","hostname":"DESKTOP-69DAV2I","pid":16120,"level":20,"msg":"Processed: source/fancybox/jquery.fancybox.pack.js","time":"2018-11-16T13:44:23.463Z","v":0}
{"name":"hexo","hostname":"DESKTOP-69DAV2I","pid":16120,"level":20,"msg":"Processed: source/js/script.js","time":"2018-11-16T13:44:23.463Z","v":0}
{"name":"hexo","hostname":"DESKTOP-69DAV2I","pid":16120,"level":20,"msg":"Processed: layout/archive.ejs","time":"2018-11-16T13:44:23.491Z","v":0}
{"name":"hexo","hostname":"DESKTOP-69DAV2I","pid":16120,"level":20,"msg":"Processed: layout/page.ejs","time":"2018-11-16T13:44:23.492Z","v":0}
{"name":"hexo","hostname":"DESKTOP-69DAV2I","pid":16120,"level":20,"msg":"Processed: layout/layout.ejs","time":"2018-11-16T13:44:23.492Z","v":0}
{"name":"hexo","hostname":"DESKTOP-69DAV2I","pid":16120,"level":20,"msg":"Processed: layout/index.ejs","time":"2018-11-16T13:44:23.492Z","v":0}
{"name":"hexo","hostname":"DESKTOP-69DAV2I","pid":16120,"level":20,"msg":"Processed: layout/category.ejs","time":"2018-11-16T13:44:23.492Z","v":0}
{"name":"hexo","hostname":"DESKTOP-69DAV2I","pid":16120,"level":20,"msg":"Processed: layout/tag.ejs","time":"2018-11-16T13:44:23.492Z","v":0}
{"name":"hexo","hostname":"DESKTOP-69DAV2I","pid":16120,"level":20,"msg":"Processed: layout/post.ejs","time":"2018-11-16T13:44:23.492Z","v":0}
{"name":"hexo","hostname":"DESKTOP-69DAV2I","pid":16120,"level":20,"msg":"Processed: languages/es.yml","time":"2018-11-16T13:44:23.494Z","v":0}
{"name":"hexo","hostname":"DESKTOP-69DAV2I","pid":16120,"level":20,"msg":"Processed: languages/fr.yml","time":"2018-11-16T13:44:23.495Z","v":0}
{"name":"hexo","hostname":"DESKTOP-69DAV2I","pid":16120,"level":20,"msg":"Processed: languages/de.yml","time":"2018-11-16T13:44:23.495Z","v":0}
{"name":"hexo","hostname":"DESKTOP-69DAV2I","pid":16120,"level":20,"msg":"Processed: languages/default.yml","time":"2018-11-16T13:44:23.495Z","v":0}
{"name":"hexo","hostname":"DESKTOP-69DAV2I","pid":16120,"level":20,"msg":"Processed: languages/ko.yml","time":"2018-11-16T13:44:23.495Z","v":0}
{"name":"hexo","hostname":"DESKTOP-69DAV2I","pid":16120,"level":20,"msg":"Processed: languages/ja.yml","time":"2018-11-16T13:44:23.495Z","v":0}
{"name":"hexo","hostname":"DESKTOP-69DAV2I","pid":16120,"level":20,"msg":"Processed: languages/nl.yml","time":"2018-11-16T13:44:23.495Z","v":0}
{"name":"hexo","hostname":"DESKTOP-69DAV2I","pid":16120,"level":20,"msg":"Processed: languages/no.yml","time":"2018-11-16T13:44:23.495Z","v":0}
{"name":"hexo","hostname":"DESKTOP-69DAV2I","pid":16120,"level":20,"msg":"Processed: languages/pt.yml","time":"2018-11-16T13:44:23.495Z","v":0}
{"name":"hexo","hostname":"DESKTOP-69DAV2I","pid":16120,"level":20,"msg":"Processed: languages/ru.yml","time":"2018-11-16T13:44:23.495Z","v":0}
{"name":"hexo","hostname":"DESKTOP-69DAV2I","pid":16120,"level":20,"msg":"Processed: languages/zh-TW.yml","time":"2018-11-16T13:44:23.495Z","v":0}
{"name":"hexo","hostname":"DESKTOP-69DAV2I","pid":16120,"level":20,"msg":"Processed: languages/zh-CN.yml","time":"2018-11-16T13:44:23.495Z","v":0}
{"name":"hexo","hostname":"DESKTOP-69DAV2I","pid":16120,"level":20,"msg":"Processed: source/css/fonts/FontAwesome.otf","time":"2018-11-16T13:44:23.496Z","v":0}
{"name":"hexo","hostname":"DESKTOP-69DAV2I","pid":16120,"level":20,"msg":"Processed: source/css/fonts/fontawesome-webfont.eot","time":"2018-11-16T13:44:23.496Z","v":0}
{"name":"hexo","hostname":"DESKTOP-69DAV2I","pid":16120,"level":20,"msg":"Processed: source/css/fonts/fontawesome-webfont.woff","time":"2018-11-16T13:44:23.496Z","v":0}
{"name":"hexo","hostname":"DESKTOP-69DAV2I","pid":16120,"level":20,"msg":"Processed: source/fancybox/helpers/fancybox_buttons.png","time":"2018-11-16T13:44:23.496Z","v":0}
{"name":"hexo","hostname":"DESKTOP-69DAV2I","pid":16120,"level":20,"msg":"Processed: source/fancybox/helpers/jquery.fancybox-buttons.css","time":"2018-11-16T13:44:23.496Z","v":0}
{"name":"hexo","hostname":"DESKTOP-69DAV2I","pid":16120,"level":20,"msg":"Processed: source/fancybox/helpers/jquery.fancybox-buttons.js","time":"2018-11-16T13:44:23.496Z","v":0}
{"name":"hexo","hostname":"DESKTOP-69DAV2I","pid":16120,"level":20,"msg":"Processed: source/fancybox/helpers/jquery.fancybox-media.js","time":"2018-11-16T13:44:23.497Z","v":0}
{"name":"hexo","hostname":"DESKTOP-69DAV2I","pid":16120,"level":20,"msg":"Processed: source/fancybox/helpers/jquery.fancybox-thumbs.css","time":"2018-11-16T13:44:23.497Z","v":0}
{"name":"hexo","hostname":"DESKTOP-69DAV2I","pid":16120,"level":20,"msg":"Processed: source/fancybox/helpers/jquery.fancybox-thumbs.js","time":"2018-11-16T13:44:23.497Z","v":0}
{"name":"hexo","hostname":"DESKTOP-69DAV2I","pid":16120,"level":20,"msg":"Processed: source/css/fonts/fontawesome-webfont.ttf","time":"2018-11-16T13:44:23.498Z","v":0}
{"name":"hexo","hostname":"DESKTOP-69DAV2I","pid":16120,"level":20,"msg":"Processed: layout/_partial/after-footer.ejs","time":"2018-11-16T13:44:23.502Z","v":0}
{"name":"hexo","hostname":"DESKTOP-69DAV2I","pid":16120,"level":20,"msg":"Processed: layout/_partial/archive-post.ejs","time":"2018-11-16T13:44:23.502Z","v":0}
{"name":"hexo","hostname":"DESKTOP-69DAV2I","pid":16120,"level":20,"msg":"Processed: layout/_partial/gauges-analytics.ejs","time":"2018-11-16T13:44:23.502Z","v":0}
{"name":"hexo","hostname":"DESKTOP-69DAV2I","pid":16120,"level":20,"msg":"Processed: layout/_partial/archive.ejs","time":"2018-11-16T13:44:23.502Z","v":0}
{"name":"hexo","hostname":"DESKTOP-69DAV2I","pid":16120,"level":20,"msg":"Processed: layout/_partial/article.ejs","time":"2018-11-16T13:44:23.502Z","v":0}
{"name":"hexo","hostname":"DESKTOP-69DAV2I","pid":16120,"level":20,"msg":"Processed: layout/_partial/google-analytics.ejs","time":"2018-11-16T13:44:23.502Z","v":0}
{"name":"hexo","hostname":"DESKTOP-69DAV2I","pid":16120,"level":20,"msg":"Processed: layout/_partial/footer.ejs","time":"2018-11-16T13:44:23.502Z","v":0}
{"name":"hexo","hostname":"DESKTOP-69DAV2I","pid":16120,"level":20,"msg":"Processed: layout/_partial/head.ejs","time":"2018-11-16T13:44:23.502Z","v":0}
{"name":"hexo","hostname":"DESKTOP-69DAV2I","pid":16120,"level":20,"msg":"Processed: layout/_partial/sidebar.ejs","time":"2018-11-16T13:44:23.502Z","v":0}
{"name":"hexo","hostname":"DESKTOP-69DAV2I","pid":16120,"level":20,"msg":"Processed: layout/_partial/mobile-nav.ejs","time":"2018-11-16T13:44:23.502Z","v":0}
{"name":"hexo","hostname":"DESKTOP-69DAV2I","pid":16120,"level":20,"msg":"Processed: layout/_widget/category.ejs","time":"2018-11-16T13:44:23.502Z","v":0}
{"name":"hexo","hostname":"DESKTOP-69DAV2I","pid":16120,"level":20,"msg":"Processed: layout/_partial/header.ejs","time":"2018-11-16T13:44:23.502Z","v":0}
{"name":"hexo","hostname":"DESKTOP-69DAV2I","pid":16120,"level":20,"msg":"Processed: layout/_widget/archive.ejs","time":"2018-11-16T13:44:23.502Z","v":0}
{"name":"hexo","hostname":"DESKTOP-69DAV2I","pid":16120,"level":20,"msg":"Processed: layout/_widget/recent_posts.ejs","time":"2018-11-16T13:44:23.502Z","v":0}
{"name":"hexo","hostname":"DESKTOP-69DAV2I","pid":16120,"level":20,"msg":"Processed: layout/_widget/tagcloud.ejs","time":"2018-11-16T13:44:23.502Z","v":0}
{"name":"hexo","hostname":"DESKTOP-69DAV2I","pid":16120,"level":20,"msg":"Processed: layout/_widget/tag.ejs","time":"2018-11-16T13:44:23.502Z","v":0}
{"name":"hexo","hostname":"DESKTOP-69DAV2I","pid":16120,"level":20,"msg":"Processed: source/css/fonts/fontawesome-webfont.svg","time":"2018-11-16T13:44:23.503Z","v":0}
{"name":"hexo","hostname":"DESKTOP-69DAV2I","pid":16120,"level":20,"msg":"Processed: source/css/images/banner.jpg","time":"2018-11-16T13:44:23.503Z","v":0}
{"name":"hexo","hostname":"DESKTOP-69DAV2I","pid":16120,"level":20,"msg":"Processed: layout/_partial/post/category.ejs","time":"2018-11-16T13:44:23.505Z","v":0}
{"name":"hexo","hostname":"DESKTOP-69DAV2I","pid":16120,"level":20,"msg":"Processed: layout/_partial/post/title.ejs","time":"2018-11-16T13:44:23.505Z","v":0}
{"name":"hexo","hostname":"DESKTOP-69DAV2I","pid":16120,"level":20,"msg":"Processed: layout/_partial/post/date.ejs","time":"2018-11-16T13:44:23.505Z","v":0}
{"name":"hexo","hostname":"DESKTOP-69DAV2I","pid":16120,"level":20,"msg":"Processed: layout/_partial/post/nav.ejs","time":"2018-11-16T13:44:23.505Z","v":0}
{"name":"hexo","hostname":"DESKTOP-69DAV2I","pid":16120,"level":20,"msg":"Processed: layout/_partial/post/gallery.ejs","time":"2018-11-16T13:44:23.505Z","v":0}
{"name":"hexo","hostname":"DESKTOP-69DAV2I","pid":16120,"level":20,"msg":"Processed: layout/_partial/post/tag.ejs","time":"2018-11-16T13:44:23.505Z","v":0}
{"name":"hexo","hostname":"DESKTOP-69DAV2I","pid":16120,"level":60,"err":{"message":"(unknown path) [Line 18, Column 77]\n  unknown block tag: name","name":"Template render error","stack":"Template render error: (unknown path) [Line 18, Column 77]\n  unknown block tag: name\n    at Object._prettifyError (C:\\Users\\Tyrone\\work\\github\\Tyronelitw.github.io\\node_modules\\nunjucks\\src\\lib.js:36:11)\n    at Template.render (C:\\Users\\Tyrone\\work\\github\\Tyronelitw.github.io\\node_modules\\nunjucks\\src\\environment.js:526:21)\n    at Environment.renderString (C:\\Users\\Tyrone\\work\\github\\Tyronelitw.github.io\\node_modules\\nunjucks\\src\\environment.js:364:17)\n    at Promise.fromCallback.cb (C:\\Users\\Tyrone\\work\\github\\Tyronelitw.github.io\\node_modules\\hexo\\lib\\extend\\tag.js:62:48)\n    at tryCatcher (C:\\Users\\Tyrone\\work\\github\\Tyronelitw.github.io\\node_modules\\bluebird\\js\\release\\util.js:16:23)\n    at Function.Promise.fromNode.Promise.fromCallback (C:\\Users\\Tyrone\\work\\github\\Tyronelitw.github.io\\node_modules\\bluebird\\js\\release\\promise.js:180:30)\n    at Tag.render (C:\\Users\\Tyrone\\work\\github\\Tyronelitw.github.io\\node_modules\\hexo\\lib\\extend\\tag.js:62:18)\n    at Object.onRenderEnd (C:\\Users\\Tyrone\\work\\github\\Tyronelitw.github.io\\node_modules\\hexo\\lib\\hexo\\post.js:282:20)\n    at Promise.then.then.result (C:\\Users\\Tyrone\\work\\github\\Tyronelitw.github.io\\node_modules\\hexo\\lib\\hexo\\render.js:65:19)\n    at tryCatcher (C:\\Users\\Tyrone\\work\\github\\Tyronelitw.github.io\\node_modules\\bluebird\\js\\release\\util.js:16:23)\n    at Promise._settlePromiseFromHandler (C:\\Users\\Tyrone\\work\\github\\Tyronelitw.github.io\\node_modules\\bluebird\\js\\release\\promise.js:512:31)\n    at Promise._settlePromise (C:\\Users\\Tyrone\\work\\github\\Tyronelitw.github.io\\node_modules\\bluebird\\js\\release\\promise.js:569:18)\n    at Promise._settlePromise0 (C:\\Users\\Tyrone\\work\\github\\Tyronelitw.github.io\\node_modules\\bluebird\\js\\release\\promise.js:614:10)\n    at Promise._settlePromises (C:\\Users\\Tyrone\\work\\github\\Tyronelitw.github.io\\node_modules\\bluebird\\js\\release\\promise.js:694:18)\n    at _drainQueueStep (C:\\Users\\Tyrone\\work\\github\\Tyronelitw.github.io\\node_modules\\bluebird\\js\\release\\async.js:138:12)\n    at _drainQueue (C:\\Users\\Tyrone\\work\\github\\Tyronelitw.github.io\\node_modules\\bluebird\\js\\release\\async.js:131:9)\n    at Async._drainQueues (C:\\Users\\Tyrone\\work\\github\\Tyronelitw.github.io\\node_modules\\bluebird\\js\\release\\async.js:147:5)\n    at Immediate.Async.drainQueues [as _onImmediate] (C:\\Users\\Tyrone\\work\\github\\Tyronelitw.github.io\\node_modules\\bluebird\\js\\release\\async.js:17:14)\n    at runCallback (timers.js:810:20)\n    at tryOnImmediate (timers.js:768:5)\n    at processImmediate [as _immediateCallback] (timers.js:745:5)"},"msg":"Something's wrong. Maybe you can find the solution here: http://hexo.io/docs/troubleshooting.html","time":"2018-11-16T13:44:23.772Z","v":0}
{"name":"hexo","hostname":"DESKTOP-69DAV2I","pid":16120,"level":20,"msg":"Database saved","time":"2018-11-16T13:44:23.782Z","v":0}
